<?xml version="1.0" encoding="UTF-8"?>
<!-- Generated by org.testng.reporters.JUnitXMLReporter -->
<testsuite ignored="2" hostname="VinhL" failures="2" tests="4" name="emulator-5556" time="1.354" errors="0" timestamp="2022-08-19T19:16:53 ICT">
  <testcase classname="tests.BaseTest" name="@AfterMethod captureScreenshot" time="0.006">
    <failure type="java.lang.IllegalArgumentException" message="Please provide hub IP address via env variable [hub]!">
      <![CDATA[java.lang.IllegalArgumentException: Please provide hub IP address via env variable [hub]!
at driver.DriverFactory.getDriver(DriverFactory.java:70)
at tests.BaseTest.getDriver(BaseTest.java:35)
at tests.BaseTest.captureScreenshot(BaseTest.java:83)
at java.base/java.util.ArrayList.forEach(ArrayList.java:1541)
at java.base/java.util.concurrent.FutureTask.run(FutureTask.java:264)
at java.base/java.util.concurrent.ThreadPoolExecutor.runWorker(ThreadPoolExecutor.java:1128)
at java.base/java.util.concurrent.ThreadPoolExecutor$Worker.run(ThreadPoolExecutor.java:628)
at java.base/java.lang.Thread.run(Thread.java:834)
... Removed 23 stack frames]]>
    </failure>
  </testcase> <!-- @AfterMethod captureScreenshot -->
  <testcase classname="tests.BaseTest" name="@AfterMethod captureScreenshot" time="0.0">
    <skipped/>
  </testcase> <!-- @AfterMethod captureScreenshot -->
  <testcase classname="tests.BaseTest" name="@AfterMethod captureScreenshot" time="0.0">
    <skipped/>
  </testcase> <!-- @AfterMethod captureScreenshot -->
  <testcase classname="tests.BaseTest" name="@AfterMethod captureScreenshot" time="0.002">
    <failure type="java.lang.NullPointerException" message="Name is null">
      <![CDATA[java.lang.NullPointerException: Name is null
at java.base/java.lang.Enum.valueOf(Enum.java:238)
at platform.Platform.valueOf(Platform.java:3)
at tests.BaseTest.getDriver(BaseTest.java:35)
at tests.BaseTest.captureScreenshot(BaseTest.java:83)
at java.base/java.util.ArrayList.forEach(ArrayList.java:1541)
at java.base/java.util.concurrent.FutureTask.run(FutureTask.java:264)
at java.base/java.util.concurrent.ThreadPoolExecutor.runWorker(ThreadPoolExecutor.java:1128)
at java.base/java.util.concurrent.ThreadPoolExecutor$Worker.run(ThreadPoolExecutor.java:628)
at java.base/java.lang.Thread.run(Thread.java:834)
... Removed 23 stack frames]]>
    </failure>
  </testcase> <!-- @AfterMethod captureScreenshot -->
  <testcase classname="tests.parallel.LoginDevice01" name="testLogin" time="0.498">
    <failure type="java.lang.IllegalArgumentException" message="Please provide hub IP address via env variable [hub]!">
      <![CDATA[java.lang.IllegalArgumentException: Please provide hub IP address via env variable [hub]!
at driver.DriverFactory.getDriver(DriverFactory.java:70)
at tests.BaseTest.getDriver(BaseTest.java:35)
at tests.parallel.LoginDevice01.testLogin(LoginDevice01.java:18)
at java.base/java.util.ArrayList.forEach(ArrayList.java:1541)
at java.base/java.util.concurrent.FutureTask.run(FutureTask.java:264)
at java.base/java.util.concurrent.ThreadPoolExecutor.runWorker(ThreadPoolExecutor.java:1128)
at java.base/java.util.concurrent.ThreadPoolExecutor$Worker.run(ThreadPoolExecutor.java:628)
at java.base/java.lang.Thread.run(Thread.java:834)
... Removed 18 stack frames]]>
    </failure>
  </testcase> <!-- testLogin -->
  <testcase classname="tests.parallel.LoginDevice01" name="testLogin" time="0.001">
    <skipped/>
  </testcase> <!-- testLogin -->
  <testcase classname="tests.parallel.LoginDevice01" name="testLogin" time="0.0">
    <skipped/>
  </testcase> <!-- testLogin -->
  <testcase classname="tests.parallel.LoginDevice02" name="testSwipeVertically" time="0.02">
    <failure type="java.lang.NullPointerException" message="Name is null">
      <![CDATA[java.lang.NullPointerException: Name is null
at java.base/java.lang.Enum.valueOf(Enum.java:238)
at platform.Platform.valueOf(Platform.java:3)
at tests.BaseTest.getDriver(BaseTest.java:35)
at tests.parallel.LoginDevice02.testSwipeVertically(LoginDevice02.java:22)
at java.base/java.util.ArrayList.forEach(ArrayList.java:1541)
at java.base/java.util.concurrent.FutureTask.run(FutureTask.java:264)
at java.base/java.util.concurrent.ThreadPoolExecutor.runWorker(ThreadPoolExecutor.java:1128)
at java.base/java.util.concurrent.ThreadPoolExecutor$Worker.run(ThreadPoolExecutor.java:628)
at java.base/java.lang.Thread.run(Thread.java:834)
... Removed 18 stack frames]]>
    </failure>
  </testcase> <!-- testSwipeVertically -->
  <testcase classname="tests.BaseTest" name="@BeforeTest initAppiumSession" time="0.0">
    <ignored/>
  </testcase> <!-- @BeforeTest initAppiumSession -->
  <testcase classname="tests.BaseTest" name="@AfterTest quitAppiumSession" time="0.0">
    <ignored/>
  </testcase> <!-- @AfterTest quitAppiumSession -->
</testsuite> <!-- emulator-5556 -->
